<?xml version="1.0" encoding="UTF-8"?>
<testsuite name="hexlet.code.DifferTest" tests="4" skipped="0" failures="0" errors="0" timestamp="2024-05-22T15:37:48" hostname="DESKTOP-KDMT75N" time="2.262">
  <properties/>
  <testcase name="testGenerateAdd()" classname="hexlet.code.DifferTest" time="2.076"/>
  <testcase name="testGenerateChange()" classname="hexlet.code.DifferTest" time="0.095"/>
  <testcase name="testGenerateDelete()" classname="hexlet.code.DifferTest" time="0.017"/>
  <testcase name="testGenerateNoDiff()" classname="hexlet.code.DifferTest" time="0.036"/>
  <system-out><![CDATA[]]></system-out>
  <system-err><![CDATA[]]></system-err>
</testsuite>
