<?xml version="1.0" encoding="UTF-8"?>
<testsuite name="hexlet.code.DifferTest" tests="4" skipped="0" failures="0" errors="0" timestamp="2024-05-22T18:34:34" hostname="DESKTOP-KDMT75N" time="0.626">
  <properties/>
  <testcase name="testGenerateAdd()" classname="hexlet.code.DifferTest" time="0.596"/>
  <testcase name="testGenerateChange()" classname="hexlet.code.DifferTest" time="0.015"/>
  <testcase name="testGenerateDelete()" classname="hexlet.code.DifferTest" time="0.005"/>
  <testcase name="testGenerateNoDiff()" classname="hexlet.code.DifferTest" time="0.003"/>
  <system-out><![CDATA[]]></system-out>
  <system-err><![CDATA[]]></system-err>
</testsuite>
